
=== Fri Dec 14 21:27:44 2018

Packages were changed.
Update Mode: updateDependencies

The following packages were added:
  com.unity.analytics@3.2.2
  com.unity.purchasing@2.0.3
  com.unity.ads@2.3.1
  com.unity.textmeshpro@1.3.0
  com.unity.collab-proxy@1.2.15
The following packages were updated:
  com.unity.package-manager-ui from version 1.9.11 to 2.0.3

=== Mon Apr  8 19:28:51 2019

Packages were changed.
Update Mode: updateDependencies

The following packages were updated:
  com.unity.package-manager-ui from version 2.0.3 to 2.0.7

=== Mon Jan  6 09:26:27 2020

Packages were changed.
Update Mode: updateDependencies

The following packages were updated:
  com.unity.package-manager-ui from version 2.0.7 to 2.0.8

=== Tue Nov  3 17:46:42 2020

Packages were changed.
Update Mode: updateDependencies

The following packages were added:
  com.unity.2d.sprite@1.0.0
  com.unity.2d.tilemap@1.0.0
  com.unity.ide.rider@1.2.1
  com.unity.ide.visualstudio@2.0.3
  com.unity.ide.vscode@1.2.2
  com.unity.modules.androidjni@1.0.0
  com.unity.test-framework@1.1.18
  com.unity.timeline@1.2.6
  com.unity.ugui@1.0.0
  com.unity.xr.legacyinputhelpers@2.1.4
The following packages were removed:
  com.unity.package-manager-ui@2.0.8
